19:48:40.688 [main] TRACE - Resolving type for handle ctcellstylexfsa81ftype
19:48:40.704 [main] TRACE - Resolving type for handle ctdxfsb26atype
19:48:40.704 [main] TRACE - Resolving type for handle cttablestyles872ftype
19:48:40.719 [main] TRACE - Resolving type for handle sstf81fdoctype
19:48:40.731 [main] TRACE - Resolving type for handle ctsst44f3type
19:48:40.751 [main] TRACE - Resolving type for handle ctrsta472type
19:48:40.782 [main] DEBUG - using default POIXMLDocumentPart for http://schemas.openxmlformats.org/officeDocument/2006/relationships/printerSettings
19:48:40.798 [main] TRACE - Resolving type for handle workbookec17doctype
19:48:40.798 [main] TRACE - Resolving type for handle ctworkbook83c3type
19:48:40.814 [main] TRACE - Resolving type for handle ctsheets49fdtype
19:48:40.814 [main] TRACE - Resolving type for handle ctsheet4dbetype
19:48:40.831 [main] TRACE - Resolving type for handle strelationshipid1e94type
19:48:40.831 [main] TRACE - Resolving type for handle worksheetf539doctype
19:48:40.845 [main] TRACE - Resolving type for handle ctworksheet530dtype
19:48:40.861 [main] TRACE - Resolving type for handle ctsheetdata8408type
19:48:40.877 [main] TRACE - Resolving type for handle ctrowdd39type
19:48:40.877 [main] TRACE - Resolving type for handle ctcell842btype
19:48:40.892 [main] TRACE - Resolving type for handle stcellrefe4e0type
19:48:40.923 [main] TRACE - Resolving type for handle ctcols627ctype
19:48:40.931 [main] TRACE - Resolving type for handle ctcola95ftype
19:48:40.972 [main] TRACE - Resolving type for handle cthyperlinks6416type
19:48:40.972 [main] TRACE - Resolving type for handle cthyperlink0c85type
19:48:41.002 [main] TRACE - Resolving type for handle stxstringf179type
19:48:41.002 [main] TRACE - Resolving type for handle stcelltypebf95type
19:48:45.159 [main] INFO  - Nav to login page
19:48:46.120 [main] DEBUG - Parsing relationship: /xl/_rels/workbook.xml.rels
19:48:46.124 [main] DEBUG - Parsing relationship: /xl/worksheets/_rels/sheet1.xml.rels
19:48:46.124 [main] DEBUG - Parsing relationship: /_rels/.rels
19:48:46.153 [main] DEBUG - using default POIXMLDocumentPart for http://schemas.openxmlformats.org/officeDocument/2006/relationships/printerSettings
19:48:58.969 [main] INFO  - Nav to login page
19:48:59.971 [main] DEBUG - Parsing relationship: /xl/_rels/workbook.xml.rels
19:48:59.971 [main] DEBUG - Parsing relationship: /xl/worksheets/_rels/sheet1.xml.rels
19:48:59.971 [main] DEBUG - Parsing relationship: /_rels/.rels
19:49:00.018 [main] DEBUG - using default POIXMLDocumentPart for http://schemas.openxmlformats.org/officeDocument/2006/relationships/printerSettings
19:49:13.105 [main] INFO  - Nav to login page
19:49:14.145 [main] DEBUG - Parsing relationship: /xl/_rels/workbook.xml.rels
19:49:14.146 [main] DEBUG - Parsing relationship: /xl/worksheets/_rels/sheet1.xml.rels
19:49:14.152 [main] DEBUG - Parsing relationship: /_rels/.rels
19:49:14.167 [main] DEBUG - using default POIXMLDocumentPart for http://schemas.openxmlformats.org/officeDocument/2006/relationships/printerSettings
19:49:26.960 [main] INFO  - Nav to login page
19:49:27.977 [main] DEBUG - Parsing relationship: /xl/_rels/workbook.xml.rels
19:49:27.977 [main] DEBUG - Parsing relationship: /xl/worksheets/_rels/sheet1.xml.rels
19:49:27.985 [main] DEBUG - Parsing relationship: /_rels/.rels
19:49:28.120 [main] DEBUG - using default POIXMLDocumentPart for http://schemas.openxmlformats.org/officeDocument/2006/relationships/printerSettings
19:16:44.621 [main] INFO  - Nav to login page
19:16:45.333 [main] INFO  - Entering username and pass
19:16:45.622 [main] INFO  - Clicking on login button
19:16:46.305 [main] INFO  - Checking myaccount page existense
13:14:09.458 [main] INFO  - Nav to login page
13:14:10.295 [main] INFO  - Entering username and pass
13:14:10.545 [main] INFO  - Clicking on login button
13:14:11.373 [main] INFO  - Checking myaccount page existense
13:15:37.894 [main] INFO  - Nav to login page
13:15:38.589 [main] INFO  - Entering username and pass
13:15:38.804 [main] INFO  - Clicking on login button
13:15:39.484 [main] INFO  - Checking myaccount page existense
13:21:08.403 [main] INFO  - Nav to login page
13:21:09.238 [main] INFO  - Entering username and pass
13:21:09.469 [main] INFO  - Clicking on login button
13:21:10.168 [main] INFO  - Checking myaccount page existense
13:24:52.686 [main] INFO  - Nav to login page
13:24:53.357 [main] INFO  - Entering username and pass
13:24:53.593 [main] INFO  - Clicking on login button
13:24:54.275 [main] INFO  - Checking myaccount page existense
13:26:31.489 [main] INFO  - Nav to login page
13:26:32.174 [main] INFO  - Entering username and pass
13:26:32.418 [main] INFO  - Clicking on login button
13:26:33.045 [main] INFO  - Checking myaccount page existense
13:36:54.298 [main] INFO  - Nav to login page
13:36:55.033 [main] INFO  - Entering username and pass
13:36:55.257 [main] INFO  - Clicking on login button
13:36:55.919 [main] INFO  - Checking myaccount page existense
13:42:16.043 [main] INFO  - Nav to login page
13:42:16.751 [main] INFO  - Entering username and pass
13:42:16.966 [main] INFO  - Clicking on login button
13:42:17.658 [main] INFO  - Checking myaccount page existense
14:03:50.493 [main] INFO  - Nav to login page
14:03:51.195 [main] INFO  - Entering username and pass
14:03:51.394 [main] INFO  - Clicking on login button
14:03:52.060 [main] INFO  - Checking myaccount page existense
14:06:41.903 [main] INFO  - Nav to login page
14:06:42.579 [main] INFO  - Entering username and pass
14:06:42.778 [main] INFO  - Clicking on login button
14:06:43.376 [main] INFO  - Checking myaccount page existense
14:19:33.544 [main] INFO  - Nav to login page
14:19:34.281 [main] INFO  - Entering username and pass
14:19:34.551 [main] INFO  - Clicking on login button
14:19:35.237 [main] INFO  - Checking myaccount page existense
15:10:33.936 [main] INFO  - Nav to login page
15:10:34.648 [main] INFO  - Entering username and pass
15:10:34.940 [main] INFO  - Clicking on login button
15:10:35.637 [main] INFO  - Checking myaccount page existense
15:19:42.308 [main] INFO  - Nav to login page
15:19:43.041 [main] INFO  - Entering username and pass
15:19:43.318 [main] INFO  - Clicking on login button
15:19:44.045 [main] INFO  - Checking myaccount page existense
15:20:54.276 [main] INFO  - Nav to login page
15:20:55.090 [main] INFO  - Entering username and pass
15:20:55.334 [main] INFO  - Clicking on login button
15:20:56.055 [main] INFO  - Checking myaccount page existense
16:59:45.162 [main] INFO  - Nav to login page
16:59:45.981 [main] INFO  - Entering username and pass
16:59:46.325 [main] INFO  - Clicking on login button
16:59:47.070 [main] INFO  - Checking myaccount page existense
15:17:46.432 [main] INFO  - Nav to login page
15:17:47.326 [main] INFO  - Entering username and pass
15:17:47.551 [main] INFO  - Clicking on login button
15:17:48.377 [main] INFO  - Checking myaccount page existense
15:18:12.952 [main] INFO  - Nav to login page
15:18:13.552 [main] INFO  - Entering username and pass
15:18:13.796 [main] INFO  - Clicking on login button
15:18:14.476 [main] INFO  - Checking myaccount page existense
16:20:28.461 [main] INFO  - Nav to login page
16:20:29.167 [main] INFO  - Entering username and pass
16:20:29.387 [main] INFO  - Clicking on login button
16:20:30.034 [main] INFO  - Checking myaccount page existense
16:20:35.539 [main] INFO  - Nav to login page
16:20:36.423 [main] INFO  - Entering username and pass
16:20:36.667 [main] INFO  - Clicking on login button
16:20:37.315 [main] INFO  - Checking myaccount page existense
16:20:51.630 [main] INFO  - Nav to login page
16:20:52.394 [main] INFO  - Entering username and pass
16:20:52.636 [main] INFO  - Clicking on login button
16:20:53.275 [main] INFO  - Checking myaccount page existense
18:11:25.598 [main] INFO  - Nav to login page
18:11:26.163 [main] INFO  - Entering username and pass
18:11:26.437 [main] INFO  - Clicking on login button
18:11:26.840 [main] INFO  - Checking myaccount page existense
18:11:40.582 [main] INFO  - Nav to login page
18:11:41.264 [main] INFO  - Entering username and pass
18:11:41.512 [main] INFO  - Clicking on login button
18:11:41.870 [main] INFO  - Checking myaccount page existense
18:13:06.528 [main] INFO  - Nav to login page
18:13:07.065 [main] INFO  - Entering username and pass
18:13:07.353 [main] INFO  - Clicking on login button
18:13:07.831 [main] INFO  - Checking myaccount page existense
18:13:10.935 [main] INFO  - Nav to login page
18:13:11.553 [main] INFO  - Entering username and pass
18:13:11.806 [main] INFO  - Clicking on login button
18:13:12.149 [main] INFO  - Checking myaccount page existense
18:16:30.448 [main] INFO  - Nav to login page
18:16:31.091 [main] DEBUG - Parsing relationship: /xl/_rels/workbook.xml.rels
18:16:31.093 [main] DEBUG - Parsing relationship: /xl/worksheets/_rels/sheet1.xml.rels
18:16:31.094 [main] DEBUG - Parsing relationship: /_rels/.rels
18:16:31.286 [main] TRACE - Loading type system org.apache.poi.schemas.ooxml.system.ooxml
18:16:31.289 [main] TRACE - Loading type system org.apache.xmlbeans.metadata.system.sXMLCONFIG
18:16:31.290 [main] TRACE - Loading type system org.apache.xmlbeans.metadata.system.sXMLLANG
18:16:31.291 [main] TRACE - Loading type system org.apache.xmlbeans.metadata.system.sXMLSCHEMA
18:16:31.291 [main] TRACE - Loading type system org.apache.xmlbeans.metadata.system.sXMLTOOLS
18:16:31.292 [main] TRACE - Reading unresolved handles for type system org.apache.xmlbeans.metadata.system.sXMLTOOLS
18:16:31.306 [main] TRACE - Finished loading type system org.apache.xmlbeans.metadata.system.sXMLTOOLS
18:16:31.306 [main] TRACE - Reading unresolved handles for type system org.apache.xmlbeans.metadata.system.sXMLSCHEMA
18:16:31.309 [main] TRACE - Finished loading type system org.apache.xmlbeans.metadata.system.sXMLSCHEMA
18:16:31.310 [main] TRACE - Reading unresolved handles for type system org.apache.xmlbeans.metadata.system.sXMLLANG
18:16:31.312 [main] TRACE - Finished loading type system org.apache.xmlbeans.metadata.system.sXMLLANG
18:16:31.314 [main] TRACE - Reading unresolved handles for type system org.apache.xmlbeans.metadata.system.sXMLCONFIG
18:16:31.315 [main] TRACE - Finished loading type system org.apache.xmlbeans.metadata.system.sXMLCONFIG
18:16:31.316 [main] TRACE - Reading unresolved handles for type system org.apache.poi.schemas.ooxml.system.ooxml
18:16:31.356 [main] TRACE - Finished loading type system org.apache.poi.schemas.ooxml.system.ooxml
18:16:31.357 [main] TRACE - Resolving type for handle themefd26doctype
18:16:31.491 [main] TRACE - Resolving type for handle stylesheet5d8bdoctype
18:16:31.498 [main] TRACE - Resolving type for handle ctstylesheet4257type
18:16:31.511 [main] TRACE - Resolving type for handle ctfonts6623type
18:16:31.515 [main] TRACE - Resolving type for handle ctfont14d8type
18:16:31.522 [main] TRACE - Resolving type for handle ctfills2c6ftype
18:16:31.525 [main] TRACE - Resolving type for handle ctfill550ctype
18:16:31.528 [main] TRACE - Resolving type for handle ctborders0d66type
18:16:31.533 [main] TRACE - Resolving type for handle ctborderf935type
18:16:31.546 [main] TRACE - Resolving type for handle ctcellxfs1322type
18:16:31.549 [main] TRACE - Resolving type for handle ctxf97f7type
18:16:31.554 [main] TRACE - Resolving type for handle ctcellstylexfsa81ftype
18:16:31.556 [main] TRACE - Resolving type for handle ctdxfsb26atype
18:16:31.559 [main] TRACE - Resolving type for handle cttablestyles872ftype
18:16:31.566 [main] TRACE - Resolving type for handle sstf81fdoctype
18:16:31.571 [main] TRACE - Resolving type for handle ctsst44f3type
18:16:31.601 [main] TRACE - Resolving type for handle ctrsta472type
18:16:31.627 [main] DEBUG - using default POIXMLDocumentPart for http://schemas.openxmlformats.org/officeDocument/2006/relationships/printerSettings
18:16:31.629 [main] TRACE - Resolving type for handle workbookec17doctype
18:16:31.638 [main] TRACE - Resolving type for handle ctworkbook83c3type
18:16:31.659 [main] TRACE - Resolving type for handle ctsheets49fdtype
18:16:31.665 [main] TRACE - Resolving type for handle ctsheet4dbetype
18:16:31.671 [main] TRACE - Resolving type for handle strelationshipid1e94type
18:16:31.676 [main] TRACE - Resolving type for handle worksheetf539doctype
18:16:31.684 [main] TRACE - Resolving type for handle ctworksheet530dtype
18:16:31.713 [main] TRACE - Resolving type for handle ctsheetdata8408type
18:16:31.716 [main] TRACE - Resolving type for handle ctrowdd39type
18:16:31.721 [main] TRACE - Resolving type for handle ctcell842btype
18:16:31.729 [main] TRACE - Resolving type for handle stcellrefe4e0type
18:16:31.737 [main] TRACE - Resolving type for handle ctcols627ctype
18:16:31.742 [main] TRACE - Resolving type for handle ctcola95ftype
18:16:31.755 [main] TRACE - Resolving type for handle cthyperlinks6416type
18:16:31.762 [main] TRACE - Resolving type for handle cthyperlink0c85type
18:16:31.768 [main] TRACE - Resolving type for handle stxstringf179type
18:16:31.770 [main] TRACE - Resolving type for handle stcelltypebf95type
18:16:34.746 [main] INFO  - Nav to login page
18:16:35.410 [main] DEBUG - Parsing relationship: /xl/_rels/workbook.xml.rels
18:16:35.412 [main] DEBUG - Parsing relationship: /xl/worksheets/_rels/sheet1.xml.rels
18:16:35.415 [main] DEBUG - Parsing relationship: /_rels/.rels
18:16:35.436 [main] DEBUG - using default POIXMLDocumentPart for http://schemas.openxmlformats.org/officeDocument/2006/relationships/printerSettings
18:16:47.618 [main] INFO  - Nav to login page
18:16:48.127 [main] DEBUG - Parsing relationship: /xl/_rels/workbook.xml.rels
18:16:48.127 [main] DEBUG - Parsing relationship: /xl/worksheets/_rels/sheet1.xml.rels
18:16:48.127 [main] DEBUG - Parsing relationship: /_rels/.rels
18:16:48.150 [main] DEBUG - using default POIXMLDocumentPart for http://schemas.openxmlformats.org/officeDocument/2006/relationships/printerSettings
18:17:00.427 [main] INFO  - Nav to login page
18:17:01.094 [main] DEBUG - Parsing relationship: /xl/_rels/workbook.xml.rels
18:17:01.094 [main] DEBUG - Parsing relationship: /xl/worksheets/_rels/sheet1.xml.rels
18:17:01.094 [main] DEBUG - Parsing relationship: /_rels/.rels
18:17:01.110 [main] DEBUG - using default POIXMLDocumentPart for http://schemas.openxmlformats.org/officeDocument/2006/relationships/printerSettings
18:17:13.390 [main] INFO  - Nav to login page
18:17:13.874 [main] DEBUG - Parsing relationship: /xl/_rels/workbook.xml.rels
18:17:13.874 [main] DEBUG - Parsing relationship: /xl/worksheets/_rels/sheet1.xml.rels
18:17:13.880 [main] DEBUG - Parsing relationship: /_rels/.rels
18:17:13.894 [main] DEBUG - using default POIXMLDocumentPart for http://schemas.openxmlformats.org/officeDocument/2006/relationships/printerSettings
20:32:09.509 [main] INFO  - Nav to login page
20:32:10.015 [main] INFO  - Entering username and pass
20:32:10.253 [main] INFO  - Clicking on login button
20:32:10.755 [main] INFO  - Checking myaccount page existense
